09:36:54.640 [main] INFO  o.s.t.c.s.AnnotationConfigContextLoaderUtils - Could not detect default configuration classes for test class [otus.moryakovdv.meteohelpers.HasherTest]: HasherTest does not declare any static, non-private, non-final, nested classes annotated with @Configuration.
09:36:54.793 [main] INFO  o.s.b.t.c.SpringBootTestContextBootstrapper - Found @SpringBootConfiguration otus.moryakovdv.meteohelpers.WebApplication for test class otus.moryakovdv.meteohelpers.HasherTest
09:36:55.100 [main] INFO  o.moryakovdv.meteohelpers.HasherTest - Starting HasherTest using Java 17.0.12 with PID 24410 (started by moryakov in /home/moryakov/git/repository/otus-project/meteoHelpers)
09:36:55.101 [main] INFO  o.moryakovdv.meteohelpers.HasherTest - No active profile set, falling back to 1 default profile: "default"
09:36:59.360 [main] INFO  o.s.b.t.m.w.SpringBootMockServletContext - Initializing Spring TestDispatcherServlet ''
09:36:59.360 [main] INFO  o.s.t.w.s.TestDispatcherServlet - Initializing Servlet ''
09:36:59.375 [main] INFO  o.s.b.a.e.web.EndpointLinksResolver - Exposing 1 endpoint beneath base path '/actuator'
09:36:59.394 [main] INFO  o.s.t.w.s.TestDispatcherServlet - Completed initialization in 34 ms
09:36:59.481 [main] INFO  o.moryakovdv.meteohelpers.HasherTest - Started HasherTest in 4.595 seconds (process running for 5.901)
13:29:34.940 [main] INFO  o.m.meteohelpers.WebApplication - Starting WebApplication using Java 17.0.12 with PID 264193 (/home/moryakov/git/repository/otus-project/meteoHelpers/target/classes started by moryakov in /home/moryakov/git/repository/otus-project/meteoHelpers)
13:29:34.949 [main] INFO  o.m.meteohelpers.WebApplication - No active profile set, falling back to 1 default profile: "default"
13:30:05.459 [main] INFO  o.s.b.w.e.tomcat.TomcatWebServer - Tomcat initialized with port 9998 (http)
13:30:05.962 [main] INFO  o.a.coyote.http11.Http11NioProtocol - Initializing ProtocolHandler ["http-nio-9998"]
13:30:05.982 [main] INFO  o.a.catalina.core.StandardService - Starting service [Tomcat]
13:30:05.984 [main] INFO  o.a.catalina.core.StandardEngine - Starting Servlet engine: [Apache Tomcat/10.1.30]
13:30:07.031 [main] INFO  o.a.c.c.C.[Tomcat].[localhost].[/] - Initializing Spring embedded WebApplicationContext
13:30:07.033 [main] INFO  o.s.b.w.s.c.ServletWebServerApplicationContext - Root WebApplicationContext: initialization completed in 31956 ms
13:33:51.171 [main] INFO  o.m.meteohelpers.WebApplication - Starting WebApplication using Java 17.0.12 with PID 266491 (/home/moryakov/git/repository/otus-project/meteoHelpers/target/classes started by moryakov in /home/moryakov/git/repository/otus-project/meteoHelpers)
13:33:51.174 [main] INFO  o.m.meteohelpers.WebApplication - No active profile set, falling back to 1 default profile: "default"
13:33:56.156 [main] INFO  o.s.b.w.e.tomcat.TomcatWebServer - Tomcat initialized with port 9998 (http)
13:33:56.229 [main] INFO  o.a.coyote.http11.Http11NioProtocol - Initializing ProtocolHandler ["http-nio-9998"]
13:33:56.240 [main] INFO  o.a.catalina.core.StandardService - Starting service [Tomcat]
13:33:56.258 [main] INFO  o.a.catalina.core.StandardEngine - Starting Servlet engine: [Apache Tomcat/10.1.30]
13:33:56.481 [main] INFO  o.a.c.c.C.[Tomcat].[localhost].[/] - Initializing Spring embedded WebApplicationContext
13:33:56.482 [main] INFO  o.s.b.w.s.c.ServletWebServerApplicationContext - Root WebApplicationContext: initialization completed in 5236 ms
13:34:05.679 [main] INFO  o.s.b.a.e.web.EndpointLinksResolver - Exposing 1 endpoint beneath base path '/actuator'
13:34:06.323 [main] INFO  o.a.coyote.http11.Http11NioProtocol - Starting ProtocolHandler ["http-nio-9998"]
13:34:06.641 [main] INFO  o.s.b.w.e.tomcat.TomcatWebServer - Tomcat started on port 9998 (http) with context path '/'
13:34:06.794 [main] INFO  o.m.meteohelpers.WebApplication - Started WebApplication in 16.11 seconds (process running for 17.188)
13:42:26.004 [main] INFO  o.m.meteohelpers.WebApplication - Starting WebApplication using Java 17.0.12 with PID 13730 (/home/moryakov/git/repository/otus-project/meteoHelpers/target/classes started by moryakov in /home/moryakov/git/repository/otus-project/meteoHelpers)
13:42:26.007 [main] INFO  o.m.meteohelpers.WebApplication - No active profile set, falling back to 1 default profile: "default"
13:42:28.596 [main] INFO  o.s.b.w.e.tomcat.TomcatWebServer - Tomcat initialized with port 9998 (http)
13:42:28.614 [main] INFO  o.a.coyote.http11.Http11NioProtocol - Initializing ProtocolHandler ["http-nio-9998"]
13:42:28.620 [main] INFO  o.a.catalina.core.StandardService - Starting service [Tomcat]
13:42:28.620 [main] INFO  o.a.catalina.core.StandardEngine - Starting Servlet engine: [Apache Tomcat/10.1.30]
13:42:28.694 [main] INFO  o.a.c.c.C.[Tomcat].[localhost].[/] - Initializing Spring embedded WebApplicationContext
13:42:28.695 [main] INFO  o.s.b.w.s.c.ServletWebServerApplicationContext - Root WebApplicationContext: initialization completed in 2620 ms
13:42:31.353 [main] INFO  o.s.b.a.e.web.EndpointLinksResolver - Exposing 1 endpoint beneath base path '/actuator'
13:42:31.439 [main] INFO  o.a.coyote.http11.Http11NioProtocol - Starting ProtocolHandler ["http-nio-9998"]
13:42:31.471 [main] INFO  o.s.b.w.e.tomcat.TomcatWebServer - Tomcat started on port 9998 (http) with context path '/'
13:42:31.506 [main] INFO  o.m.meteohelpers.WebApplication - Started WebApplication in 5.948 seconds (process running for 6.949)
13:42:47.750 [http-nio-9998-exec-1] INFO  o.a.c.c.C.[Tomcat].[localhost].[/] - Initializing Spring DispatcherServlet 'dispatcherServlet'
13:42:47.751 [http-nio-9998-exec-1] INFO  o.s.web.servlet.DispatcherServlet - Initializing Servlet 'dispatcherServlet'
13:42:47.757 [http-nio-9998-exec-1] INFO  o.s.web.servlet.DispatcherServlet - Completed initialization in 5 ms
13:59:20.851 [main] INFO  o.m.meteohelpers.WebApplication - Starting WebApplication using Java 17.0.12 with PID 31622 (/home/moryakov/git/repository/otus-project/meteoHelpers/target/classes started by moryakov in /home/moryakov/git/repository/otus-project/meteoHelpers)
13:59:20.862 [main] INFO  o.m.meteohelpers.WebApplication - No active profile set, falling back to 1 default profile: "default"
13:59:23.346 [main] INFO  o.s.b.w.e.tomcat.TomcatWebServer - Tomcat initialized with port 9998 (http)
13:59:23.363 [main] INFO  o.a.coyote.http11.Http11NioProtocol - Initializing ProtocolHandler ["http-nio-9998"]
13:59:23.372 [main] INFO  o.a.catalina.core.StandardService - Starting service [Tomcat]
13:59:23.373 [main] INFO  o.a.catalina.core.StandardEngine - Starting Servlet engine: [Apache Tomcat/10.1.30]
13:59:23.435 [main] INFO  o.a.c.c.C.[Tomcat].[localhost].[/] - Initializing Spring embedded WebApplicationContext
13:59:23.436 [main] INFO  o.s.b.w.s.c.ServletWebServerApplicationContext - Root WebApplicationContext: initialization completed in 2509 ms
13:59:25.961 [main] INFO  o.s.b.a.e.web.EndpointLinksResolver - Exposing 3 endpoints beneath base path '/actuator'
13:59:26.054 [main] INFO  o.a.coyote.http11.Http11NioProtocol - Starting ProtocolHandler ["http-nio-9998"]
13:59:26.083 [main] INFO  o.s.b.w.e.tomcat.TomcatWebServer - Tomcat started on port 9998 (http) with context path '/'
13:59:26.119 [main] INFO  o.m.meteohelpers.WebApplication - Started WebApplication in 5.728 seconds (process running for 6.57)
