13:43:21.690 [main] INFO  o.m.meteoinformation.WebApplication - Starting WebApplication using Java 17.0.12 with PID 15473 (/home/moryakov/git/repository/otus-project/meteoInformation/target/classes started by moryakov in /home/moryakov/git/repository/otus-project/meteoInformation)
13:43:21.707 [main] INFO  o.m.meteoinformation.WebApplication - No active profile set, falling back to 1 default profile: "default"
13:43:23.401 [main] INFO  o.s.d.r.c.RepositoryConfigurationDelegate - Bootstrapping Spring Data JPA repositories in DEFAULT mode.
13:43:23.639 [main] INFO  o.s.d.r.c.RepositoryConfigurationDelegate - Finished Spring Data repository scanning in 226 ms. Found 3 JPA repository interfaces.
13:43:25.695 [main] INFO  o.s.b.w.e.tomcat.TomcatWebServer - Tomcat initialized with port 9998 (http)
13:43:25.707 [main] INFO  o.a.coyote.http11.Http11NioProtocol - Initializing ProtocolHandler ["http-nio-9998"]
13:43:25.712 [main] INFO  o.a.catalina.core.StandardService - Starting service [Tomcat]
13:43:25.713 [main] INFO  o.a.catalina.core.StandardEngine - Starting Servlet engine: [Apache Tomcat/10.1.30]
13:43:25.788 [main] INFO  o.a.c.c.C.[Tomcat].[localhost].[/] - Initializing Spring embedded WebApplicationContext
13:43:25.789 [main] INFO  o.s.b.w.s.c.ServletWebServerApplicationContext - Root WebApplicationContext: initialization completed in 3967 ms
13:43:26.710 [main] INFO  com.zaxxer.hikari.HikariDataSource - HikariPool-1 - Starting...
13:43:26.985 [main] INFO  com.zaxxer.hikari.pool.HikariPool - HikariPool-1 - Added connection conn0: url=jdbc:h2:mem:fc2fb64a-ee58-400c-9a8c-7b00fe0ffc03 user=SA
13:43:26.988 [main] INFO  com.zaxxer.hikari.HikariDataSource - HikariPool-1 - Start completed.
13:43:27.088 [main] INFO  liquibase.database - Set default schema name to PUBLIC
13:43:27.582 [main] INFO  liquibase.changelog - Creating database history table with name: PUBLIC.DATABASECHANGELOG
13:43:35.907 [main] INFO  liquibase.changelog - Reading from PUBLIC.DATABASECHANGELOG
13:43:36.013 [main] INFO  liquibase.lockservice - Successfully acquired change log lock
13:43:36.014 [main] INFO  liquibase.command - Using deploymentId: 0803416014
13:43:36.017 [main] INFO  liquibase.changelog - Reading from PUBLIC.DATABASECHANGELOG
13:43:36.047 [main] INFO  liquibase.ui - Running Changeset: db/changelog/db.meteoinformation.changelog-create-structure.yaml::A::moryakovdv
13:43:36.050 [main] INFO  liquibase.snapshot - Creating snapshot
13:43:36.072 [main] INFO  liquibase.changelog - Sequence origin_seq created
13:43:36.081 [main] INFO  liquibase.changelog - Table origin created
13:43:36.085 [main] INFO  liquibase.changelog - Table flight_information_region created
13:43:36.094 [main] INFO  liquibase.changelog - Table airfield created
13:43:36.102 [main] INFO  liquibase.changelog - Table meteoproduct created
13:43:36.103 [main] INFO  liquibase.changelog - ChangeSet db/changelog/db.meteoinformation.changelog-create-structure.yaml::A::moryakovdv ran successfully in 54ms
13:43:36.117 [main] INFO  liquibase.util - UPDATE SUMMARY
13:43:36.118 [main] INFO  liquibase.util - Run:                          1
13:43:36.118 [main] INFO  liquibase.util - Previously run:               0
13:43:36.118 [main] INFO  liquibase.util - Filtered out:                 0
13:43:36.118 [main] INFO  liquibase.util - -------------------------------
13:43:36.118 [main] INFO  liquibase.util - Total change sets:            1
13:43:36.120 [main] INFO  liquibase.util - Update summary generated
13:43:36.123 [main] INFO  liquibase.command - Update command completed successfully.
13:43:36.123 [main] INFO  liquibase.ui - Liquibase: Update has been successful. Rows affected: 1
13:43:36.125 [main] INFO  liquibase.lockservice - Successfully released change log lock
13:43:36.126 [main] INFO  liquibase.command - Command execution complete
13:43:36.373 [main] INFO  o.h.jpa.internal.util.LogHelper - HHH000204: Processing PersistenceUnitInfo [name: default]
13:43:36.472 [main] INFO  org.hibernate.Version - HHH000412: Hibernate ORM core version 6.5.3.Final
13:43:36.544 [main] INFO  o.h.c.i.RegionFactoryInitiator - HHH000026: Second-level cache disabled
13:43:37.006 [main] INFO  o.s.o.j.p.SpringPersistenceUnitInfo - No LoadTimeWeaver setup: ignoring JPA class transformer
13:43:37.259 [main] WARN  o.h.boot.model.internal.EntityBinder - HHH000457: Joined inheritance hierarchy [otus.moryakovdv.meteoinformation.model.Origin] defined explicit @DiscriminatorColumn.  Legacy Hibernate behavior was to ignore the @DiscriminatorColumn.  However, as part of issue HHH-6911 we now apply the explicit @DiscriminatorColumn.  If you would prefer the legacy behavior, enable the `hibernate.discriminator.ignore_explicit_for_joined` setting (hibernate.discriminator.ignore_explicit_for_joined=true)
13:43:38.129 [main] INFO  o.h.m.i.EntityInstantiatorPojoStandard - HHH000182: No default (no-argument) constructor for class: otus.moryakovdv.meteoinformation.model.Airfield (class must be instantiated by Interceptor)
13:43:38.178 [main] INFO  o.h.m.i.EntityInstantiatorPojoStandard - HHH000182: No default (no-argument) constructor for class: otus.moryakovdv.meteoinformation.model.FlightInformationRegion (class must be instantiated by Interceptor)
13:43:38.472 [main] INFO  o.h.e.t.j.p.i.JtaPlatformInitiator - HHH000489: No JTA platform available (set 'hibernate.transaction.jta.platform' to enable JTA platform integration)
13:43:38.476 [main] INFO  o.s.o.j.LocalContainerEntityManagerFactoryBean - Initialized JPA EntityManagerFactory for persistence unit 'default'
13:43:39.542 [main] WARN  o.s.b.a.o.j.JpaBaseConfiguration$JpaWebConfiguration - spring.jpa.open-in-view is enabled by default. Therefore, database queries may be performed during view rendering. Explicitly configure spring.jpa.open-in-view to disable this warning
13:43:41.312 [main] INFO  o.s.b.a.e.web.EndpointLinksResolver - Exposing 1 endpoint beneath base path '/actuator'
13:43:41.424 [main] INFO  o.a.coyote.http11.Http11NioProtocol - Starting ProtocolHandler ["http-nio-9998"]
13:43:41.455 [main] INFO  o.s.b.w.e.tomcat.TomcatWebServer - Tomcat started on port 9998 (http) with context path '/'
13:43:41.482 [main] INFO  o.m.meteoinformation.WebApplication - Started WebApplication in 20.325 seconds (process running for 21.694)
13:44:13.642 [http-nio-9998-exec-1] INFO  o.a.c.c.C.[Tomcat].[localhost].[/] - Initializing Spring DispatcherServlet 'dispatcherServlet'
13:44:13.643 [http-nio-9998-exec-1] INFO  o.s.web.servlet.DispatcherServlet - Initializing Servlet 'dispatcherServlet'
13:44:13.645 [http-nio-9998-exec-1] INFO  o.s.web.servlet.DispatcherServlet - Completed initialization in 2 ms
13:47:20.060 [main] INFO  o.m.meteoinformation.WebApplication - Starting WebApplication using Java 17.0.12 with PID 19405 (/home/moryakov/git/repository/otus-project/meteoInformation/target/classes started by moryakov in /home/moryakov/git/repository/otus-project/meteoInformation)
13:47:20.063 [main] INFO  o.m.meteoinformation.WebApplication - No active profile set, falling back to 1 default profile: "default"
13:47:21.126 [main] INFO  o.s.d.r.c.RepositoryConfigurationDelegate - Bootstrapping Spring Data JPA repositories in DEFAULT mode.
13:47:21.328 [main] INFO  o.s.d.r.c.RepositoryConfigurationDelegate - Finished Spring Data repository scanning in 191 ms. Found 3 JPA repository interfaces.
13:47:23.354 [main] INFO  o.s.b.w.e.tomcat.TomcatWebServer - Tomcat initialized with port 9998 (http)
13:47:23.367 [main] INFO  o.a.coyote.http11.Http11NioProtocol - Initializing ProtocolHandler ["http-nio-9998"]
13:47:23.370 [main] INFO  o.a.catalina.core.StandardService - Starting service [Tomcat]
13:47:23.371 [main] INFO  o.a.catalina.core.StandardEngine - Starting Servlet engine: [Apache Tomcat/10.1.30]
13:47:23.437 [main] INFO  o.a.c.c.C.[Tomcat].[localhost].[/] - Initializing Spring embedded WebApplicationContext
13:47:23.438 [main] INFO  o.s.b.w.s.c.ServletWebServerApplicationContext - Root WebApplicationContext: initialization completed in 3307 ms
13:47:24.357 [main] INFO  com.zaxxer.hikari.HikariDataSource - HikariPool-1 - Starting...
13:47:24.575 [main] INFO  com.zaxxer.hikari.pool.HikariPool - HikariPool-1 - Added connection conn0: url=jdbc:h2:mem:b93e3c2a-0968-4a27-854a-6a4919f05e35 user=SA
13:47:24.578 [main] INFO  com.zaxxer.hikari.HikariDataSource - HikariPool-1 - Start completed.
13:47:24.654 [main] INFO  liquibase.database - Set default schema name to PUBLIC
13:47:25.082 [main] INFO  liquibase.changelog - Creating database history table with name: PUBLIC.DATABASECHANGELOG
13:47:33.419 [main] INFO  liquibase.changelog - Reading from PUBLIC.DATABASECHANGELOG
13:47:33.524 [main] INFO  liquibase.lockservice - Successfully acquired change log lock
13:47:33.525 [main] INFO  liquibase.command - Using deploymentId: 0803653525
13:47:33.528 [main] INFO  liquibase.changelog - Reading from PUBLIC.DATABASECHANGELOG
13:47:33.556 [main] INFO  liquibase.ui - Running Changeset: db/changelog/db.meteoinformation.changelog-create-structure.yaml::A::moryakovdv
13:47:33.559 [main] INFO  liquibase.snapshot - Creating snapshot
13:47:33.580 [main] INFO  liquibase.changelog - Sequence origin_seq created
13:47:33.588 [main] INFO  liquibase.changelog - Table origin created
13:47:33.592 [main] INFO  liquibase.changelog - Table flight_information_region created
13:47:33.602 [main] INFO  liquibase.changelog - Table airfield created
13:47:33.610 [main] INFO  liquibase.changelog - Table meteoproduct created
13:47:33.610 [main] INFO  liquibase.changelog - ChangeSet db/changelog/db.meteoinformation.changelog-create-structure.yaml::A::moryakovdv ran successfully in 52ms
13:47:33.625 [main] INFO  liquibase.util - UPDATE SUMMARY
13:47:33.625 [main] INFO  liquibase.util - Run:                          1
13:47:33.625 [main] INFO  liquibase.util - Previously run:               0
13:47:33.625 [main] INFO  liquibase.util - Filtered out:                 0
13:47:33.625 [main] INFO  liquibase.util - -------------------------------
13:47:33.625 [main] INFO  liquibase.util - Total change sets:            1
13:47:33.626 [main] INFO  liquibase.util - Update summary generated
13:47:33.630 [main] INFO  liquibase.command - Update command completed successfully.
13:47:33.630 [main] INFO  liquibase.ui - Liquibase: Update has been successful. Rows affected: 1
13:47:33.632 [main] INFO  liquibase.lockservice - Successfully released change log lock
13:47:33.633 [main] INFO  liquibase.command - Command execution complete
13:47:33.847 [main] INFO  o.h.jpa.internal.util.LogHelper - HHH000204: Processing PersistenceUnitInfo [name: default]
13:47:33.917 [main] INFO  org.hibernate.Version - HHH000412: Hibernate ORM core version 6.5.3.Final
13:47:33.984 [main] INFO  o.h.c.i.RegionFactoryInitiator - HHH000026: Second-level cache disabled
13:47:34.337 [main] INFO  o.s.o.j.p.SpringPersistenceUnitInfo - No LoadTimeWeaver setup: ignoring JPA class transformer
13:47:34.529 [main] WARN  o.h.boot.model.internal.EntityBinder - HHH000457: Joined inheritance hierarchy [otus.moryakovdv.meteoinformation.model.Origin] defined explicit @DiscriminatorColumn.  Legacy Hibernate behavior was to ignore the @DiscriminatorColumn.  However, as part of issue HHH-6911 we now apply the explicit @DiscriminatorColumn.  If you would prefer the legacy behavior, enable the `hibernate.discriminator.ignore_explicit_for_joined` setting (hibernate.discriminator.ignore_explicit_for_joined=true)
13:47:35.180 [main] INFO  o.h.m.i.EntityInstantiatorPojoStandard - HHH000182: No default (no-argument) constructor for class: otus.moryakovdv.meteoinformation.model.Airfield (class must be instantiated by Interceptor)
13:47:35.222 [main] INFO  o.h.m.i.EntityInstantiatorPojoStandard - HHH000182: No default (no-argument) constructor for class: otus.moryakovdv.meteoinformation.model.FlightInformationRegion (class must be instantiated by Interceptor)
13:47:35.501 [main] INFO  o.h.e.t.j.p.i.JtaPlatformInitiator - HHH000489: No JTA platform available (set 'hibernate.transaction.jta.platform' to enable JTA platform integration)
13:47:35.506 [main] INFO  o.s.o.j.LocalContainerEntityManagerFactoryBean - Initialized JPA EntityManagerFactory for persistence unit 'default'
13:47:36.477 [main] WARN  o.s.b.a.o.j.JpaBaseConfiguration$JpaWebConfiguration - spring.jpa.open-in-view is enabled by default. Therefore, database queries may be performed during view rendering. Explicitly configure spring.jpa.open-in-view to disable this warning
13:47:38.122 [main] INFO  o.s.b.a.e.web.EndpointLinksResolver - Exposing 3 endpoints beneath base path '/actuator'
13:47:38.231 [main] INFO  o.a.coyote.http11.Http11NioProtocol - Starting ProtocolHandler ["http-nio-9998"]
13:47:38.262 [main] INFO  o.s.b.w.e.tomcat.TomcatWebServer - Tomcat started on port 9998 (http) with context path '/'
13:47:38.288 [main] INFO  o.m.meteoinformation.WebApplication - Started WebApplication in 18.66 seconds (process running for 19.625)
13:48:47.587 [main] INFO  o.m.meteoinformation.WebApplication - Starting WebApplication using Java 17.0.12 with PID 20736 (/home/moryakov/git/repository/otus-project/meteoInformation/target/classes started by moryakov in /home/moryakov/git/repository/otus-project/meteoInformation)
13:48:47.589 [main] INFO  o.m.meteoinformation.WebApplication - No active profile set, falling back to 1 default profile: "default"
13:48:48.609 [main] INFO  o.s.d.r.c.RepositoryConfigurationDelegate - Bootstrapping Spring Data JPA repositories in DEFAULT mode.
13:48:48.865 [main] INFO  o.s.d.r.c.RepositoryConfigurationDelegate - Finished Spring Data repository scanning in 244 ms. Found 3 JPA repository interfaces.
13:48:50.742 [main] INFO  o.s.b.w.e.tomcat.TomcatWebServer - Tomcat initialized with port 9998 (http)
13:48:50.754 [main] INFO  o.a.coyote.http11.Http11NioProtocol - Initializing ProtocolHandler ["http-nio-9998"]
13:48:50.758 [main] INFO  o.a.catalina.core.StandardService - Starting service [Tomcat]
13:48:50.759 [main] INFO  o.a.catalina.core.StandardEngine - Starting Servlet engine: [Apache Tomcat/10.1.30]
13:48:50.856 [main] INFO  o.a.c.c.C.[Tomcat].[localhost].[/] - Initializing Spring embedded WebApplicationContext
13:48:50.857 [main] INFO  o.s.b.w.s.c.ServletWebServerApplicationContext - Root WebApplicationContext: initialization completed in 3204 ms
13:48:51.772 [main] INFO  com.zaxxer.hikari.HikariDataSource - HikariPool-1 - Starting...
13:48:52.027 [main] INFO  com.zaxxer.hikari.pool.HikariPool - HikariPool-1 - Added connection conn0: url=jdbc:h2:mem:dc78377c-9187-4d32-86ee-bd577bbce85a user=SA
13:48:52.030 [main] INFO  com.zaxxer.hikari.HikariDataSource - HikariPool-1 - Start completed.
13:48:52.118 [main] INFO  liquibase.database - Set default schema name to PUBLIC
13:48:52.548 [main] INFO  liquibase.changelog - Creating database history table with name: PUBLIC.DATABASECHANGELOG
13:49:00.940 [main] INFO  liquibase.changelog - Reading from PUBLIC.DATABASECHANGELOG
13:49:01.047 [main] INFO  liquibase.lockservice - Successfully acquired change log lock
13:49:01.049 [main] INFO  liquibase.command - Using deploymentId: 0803741049
13:49:01.051 [main] INFO  liquibase.changelog - Reading from PUBLIC.DATABASECHANGELOG
13:49:01.080 [main] INFO  liquibase.ui - Running Changeset: db/changelog/db.meteoinformation.changelog-create-structure.yaml::A::moryakovdv
13:49:01.082 [main] INFO  liquibase.snapshot - Creating snapshot
13:49:01.102 [main] INFO  liquibase.changelog - Sequence origin_seq created
13:49:01.119 [main] INFO  liquibase.changelog - Table origin created
13:49:01.123 [main] INFO  liquibase.changelog - Table flight_information_region created
13:49:01.133 [main] INFO  liquibase.changelog - Table airfield created
13:49:01.140 [main] INFO  liquibase.changelog - Table meteoproduct created
13:49:01.140 [main] INFO  liquibase.changelog - ChangeSet db/changelog/db.meteoinformation.changelog-create-structure.yaml::A::moryakovdv ran successfully in 59ms
13:49:01.155 [main] INFO  liquibase.util - UPDATE SUMMARY
13:49:01.155 [main] INFO  liquibase.util - Run:                          1
13:49:01.155 [main] INFO  liquibase.util - Previously run:               0
13:49:01.155 [main] INFO  liquibase.util - Filtered out:                 0
13:49:01.155 [main] INFO  liquibase.util - -------------------------------
13:49:01.155 [main] INFO  liquibase.util - Total change sets:            1
13:49:01.157 [main] INFO  liquibase.util - Update summary generated
13:49:01.160 [main] INFO  liquibase.command - Update command completed successfully.
13:49:01.161 [main] INFO  liquibase.ui - Liquibase: Update has been successful. Rows affected: 1
13:49:01.163 [main] INFO  liquibase.lockservice - Successfully released change log lock
13:49:01.164 [main] INFO  liquibase.command - Command execution complete
13:49:01.421 [main] INFO  o.h.jpa.internal.util.LogHelper - HHH000204: Processing PersistenceUnitInfo [name: default]
13:49:01.503 [main] INFO  org.hibernate.Version - HHH000412: Hibernate ORM core version 6.5.3.Final
13:49:01.545 [main] INFO  o.h.c.i.RegionFactoryInitiator - HHH000026: Second-level cache disabled
13:49:01.913 [main] INFO  o.s.o.j.p.SpringPersistenceUnitInfo - No LoadTimeWeaver setup: ignoring JPA class transformer
13:49:02.107 [main] WARN  o.h.boot.model.internal.EntityBinder - HHH000457: Joined inheritance hierarchy [otus.moryakovdv.meteoinformation.model.Origin] defined explicit @DiscriminatorColumn.  Legacy Hibernate behavior was to ignore the @DiscriminatorColumn.  However, as part of issue HHH-6911 we now apply the explicit @DiscriminatorColumn.  If you would prefer the legacy behavior, enable the `hibernate.discriminator.ignore_explicit_for_joined` setting (hibernate.discriminator.ignore_explicit_for_joined=true)
13:49:02.804 [main] INFO  o.h.m.i.EntityInstantiatorPojoStandard - HHH000182: No default (no-argument) constructor for class: otus.moryakovdv.meteoinformation.model.Airfield (class must be instantiated by Interceptor)
13:49:02.858 [main] INFO  o.h.m.i.EntityInstantiatorPojoStandard - HHH000182: No default (no-argument) constructor for class: otus.moryakovdv.meteoinformation.model.FlightInformationRegion (class must be instantiated by Interceptor)
13:49:03.163 [main] INFO  o.h.e.t.j.p.i.JtaPlatformInitiator - HHH000489: No JTA platform available (set 'hibernate.transaction.jta.platform' to enable JTA platform integration)
13:49:03.166 [main] INFO  o.s.o.j.LocalContainerEntityManagerFactoryBean - Initialized JPA EntityManagerFactory for persistence unit 'default'
13:49:04.109 [main] WARN  o.s.b.a.o.j.JpaBaseConfiguration$JpaWebConfiguration - spring.jpa.open-in-view is enabled by default. Therefore, database queries may be performed during view rendering. Explicitly configure spring.jpa.open-in-view to disable this warning
13:49:05.781 [main] INFO  o.s.b.a.e.web.EndpointLinksResolver - Exposing 3 endpoints beneath base path '/actuator'
13:49:05.892 [main] INFO  o.a.coyote.http11.Http11NioProtocol - Starting ProtocolHandler ["http-nio-9998"]
13:49:05.915 [main] INFO  o.s.b.w.e.tomcat.TomcatWebServer - Tomcat started on port 9998 (http) with context path '/'
13:49:05.946 [main] INFO  o.m.meteoinformation.WebApplication - Started WebApplication in 18.854 seconds (process running for 19.875)
13:50:17.938 [main] INFO  o.m.meteoinformation.WebApplication - Starting WebApplication using Java 17.0.12 with PID 22266 (/home/moryakov/git/repository/otus-project/meteoInformation/target/classes started by moryakov in /home/moryakov/git/repository/otus-project/meteoInformation)
13:50:17.940 [main] INFO  o.m.meteoinformation.WebApplication - No active profile set, falling back to 1 default profile: "default"
13:50:18.891 [main] INFO  o.s.d.r.c.RepositoryConfigurationDelegate - Bootstrapping Spring Data JPA repositories in DEFAULT mode.
13:50:19.092 [main] INFO  o.s.d.r.c.RepositoryConfigurationDelegate - Finished Spring Data repository scanning in 184 ms. Found 3 JPA repository interfaces.
13:50:20.930 [main] INFO  o.s.b.w.e.tomcat.TomcatWebServer - Tomcat initialized with port 9998 (http)
13:50:20.940 [main] INFO  o.a.coyote.http11.Http11NioProtocol - Initializing ProtocolHandler ["http-nio-9998"]
13:50:20.944 [main] INFO  o.a.catalina.core.StandardService - Starting service [Tomcat]
13:50:20.945 [main] INFO  o.a.catalina.core.StandardEngine - Starting Servlet engine: [Apache Tomcat/10.1.30]
13:50:21.010 [main] INFO  o.a.c.c.C.[Tomcat].[localhost].[/] - Initializing Spring embedded WebApplicationContext
13:50:21.010 [main] INFO  o.s.b.w.s.c.ServletWebServerApplicationContext - Root WebApplicationContext: initialization completed in 3014 ms
13:50:21.908 [main] INFO  com.zaxxer.hikari.HikariDataSource - HikariPool-1 - Starting...
13:50:22.138 [main] INFO  com.zaxxer.hikari.pool.HikariPool - HikariPool-1 - Added connection conn0: url=jdbc:h2:mem:2b7119bf-4527-4b08-8a9d-fbd8df2e1ecb user=SA
13:50:22.141 [main] INFO  com.zaxxer.hikari.HikariDataSource - HikariPool-1 - Start completed.
13:50:22.222 [main] INFO  liquibase.database - Set default schema name to PUBLIC
13:50:22.670 [main] INFO  liquibase.changelog - Creating database history table with name: PUBLIC.DATABASECHANGELOG
13:50:30.886 [main] INFO  liquibase.changelog - Reading from PUBLIC.DATABASECHANGELOG
13:50:30.991 [main] INFO  liquibase.lockservice - Successfully acquired change log lock
13:50:30.992 [main] INFO  liquibase.command - Using deploymentId: 0803830992
13:50:30.995 [main] INFO  liquibase.changelog - Reading from PUBLIC.DATABASECHANGELOG
13:50:31.026 [main] INFO  liquibase.ui - Running Changeset: db/changelog/db.meteoinformation.changelog-create-structure.yaml::A::moryakovdv
13:50:31.030 [main] INFO  liquibase.snapshot - Creating snapshot
13:50:31.052 [main] INFO  liquibase.changelog - Sequence origin_seq created
13:50:31.060 [main] INFO  liquibase.changelog - Table origin created
13:50:31.063 [main] INFO  liquibase.changelog - Table flight_information_region created
13:50:31.072 [main] INFO  liquibase.changelog - Table airfield created
13:50:31.077 [main] INFO  liquibase.changelog - Table meteoproduct created
13:50:31.078 [main] INFO  liquibase.changelog - ChangeSet db/changelog/db.meteoinformation.changelog-create-structure.yaml::A::moryakovdv ran successfully in 50ms
13:50:31.090 [main] INFO  liquibase.util - UPDATE SUMMARY
13:50:31.091 [main] INFO  liquibase.util - Run:                          1
13:50:31.091 [main] INFO  liquibase.util - Previously run:               0
13:50:31.091 [main] INFO  liquibase.util - Filtered out:                 0
13:50:31.091 [main] INFO  liquibase.util - -------------------------------
13:50:31.091 [main] INFO  liquibase.util - Total change sets:            1
13:50:31.092 [main] INFO  liquibase.util - Update summary generated
13:50:31.096 [main] INFO  liquibase.command - Update command completed successfully.
13:50:31.096 [main] INFO  liquibase.ui - Liquibase: Update has been successful. Rows affected: 1
13:50:31.099 [main] INFO  liquibase.lockservice - Successfully released change log lock
13:50:31.100 [main] INFO  liquibase.command - Command execution complete
13:50:31.342 [main] INFO  o.h.jpa.internal.util.LogHelper - HHH000204: Processing PersistenceUnitInfo [name: default]
13:50:31.443 [main] INFO  org.hibernate.Version - HHH000412: Hibernate ORM core version 6.5.3.Final
13:50:31.493 [main] INFO  o.h.c.i.RegionFactoryInitiator - HHH000026: Second-level cache disabled
13:50:31.859 [main] INFO  o.s.o.j.p.SpringPersistenceUnitInfo - No LoadTimeWeaver setup: ignoring JPA class transformer
13:50:32.084 [main] WARN  o.h.boot.model.internal.EntityBinder - HHH000457: Joined inheritance hierarchy [otus.moryakovdv.meteoinformation.model.Origin] defined explicit @DiscriminatorColumn.  Legacy Hibernate behavior was to ignore the @DiscriminatorColumn.  However, as part of issue HHH-6911 we now apply the explicit @DiscriminatorColumn.  If you would prefer the legacy behavior, enable the `hibernate.discriminator.ignore_explicit_for_joined` setting (hibernate.discriminator.ignore_explicit_for_joined=true)
13:50:32.783 [main] INFO  o.h.m.i.EntityInstantiatorPojoStandard - HHH000182: No default (no-argument) constructor for class: otus.moryakovdv.meteoinformation.model.Airfield (class must be instantiated by Interceptor)
13:50:32.833 [main] INFO  o.h.m.i.EntityInstantiatorPojoStandard - HHH000182: No default (no-argument) constructor for class: otus.moryakovdv.meteoinformation.model.FlightInformationRegion (class must be instantiated by Interceptor)
13:50:33.107 [main] INFO  o.h.e.t.j.p.i.JtaPlatformInitiator - HHH000489: No JTA platform available (set 'hibernate.transaction.jta.platform' to enable JTA platform integration)
13:50:33.111 [main] INFO  o.s.o.j.LocalContainerEntityManagerFactoryBean - Initialized JPA EntityManagerFactory for persistence unit 'default'
13:50:34.242 [main] WARN  o.s.b.a.o.j.JpaBaseConfiguration$JpaWebConfiguration - spring.jpa.open-in-view is enabled by default. Therefore, database queries may be performed during view rendering. Explicitly configure spring.jpa.open-in-view to disable this warning
13:50:35.932 [main] INFO  o.s.b.a.e.web.EndpointLinksResolver - Exposing 3 endpoints beneath base path '/actuator'
13:50:36.023 [main] INFO  o.a.coyote.http11.Http11NioProtocol - Starting ProtocolHandler ["http-nio-9998"]
13:50:36.050 [main] INFO  o.s.b.w.e.tomcat.TomcatWebServer - Tomcat started on port 9998 (http) with context path '/'
13:50:36.089 [main] INFO  o.m.meteoinformation.WebApplication - Started WebApplication in 18.513 seconds (process running for 19.524)
13:54:31.273 [http-nio-9998-exec-1] INFO  o.a.c.c.C.[Tomcat].[localhost].[/] - Initializing Spring DispatcherServlet 'dispatcherServlet'
13:54:31.273 [http-nio-9998-exec-1] INFO  o.s.web.servlet.DispatcherServlet - Initializing Servlet 'dispatcherServlet'
13:54:31.275 [http-nio-9998-exec-1] INFO  o.s.web.servlet.DispatcherServlet - Completed initialization in 2 ms
13:55:12.446 [main] INFO  o.m.meteoinformation.WebApplication - Starting WebApplication using Java 17.0.12 with PID 27690 (/home/moryakov/git/repository/otus-project/meteoInformation/target/classes started by moryakov in /home/moryakov/git/repository/otus-project/meteoInformation)
13:55:12.449 [main] INFO  o.m.meteoinformation.WebApplication - No active profile set, falling back to 1 default profile: "default"
13:55:13.502 [main] INFO  o.s.d.r.c.RepositoryConfigurationDelegate - Bootstrapping Spring Data JPA repositories in DEFAULT mode.
13:55:13.711 [main] INFO  o.s.d.r.c.RepositoryConfigurationDelegate - Finished Spring Data repository scanning in 198 ms. Found 3 JPA repository interfaces.
13:55:15.635 [main] INFO  o.s.b.w.e.tomcat.TomcatWebServer - Tomcat initialized with port 9998 (http)
13:55:15.646 [main] INFO  o.a.coyote.http11.Http11NioProtocol - Initializing ProtocolHandler ["http-nio-9998"]
13:55:15.651 [main] INFO  o.a.catalina.core.StandardService - Starting service [Tomcat]
13:55:15.652 [main] INFO  o.a.catalina.core.StandardEngine - Starting Servlet engine: [Apache Tomcat/10.1.30]
13:55:15.757 [main] INFO  o.a.c.c.C.[Tomcat].[localhost].[/] - Initializing Spring embedded WebApplicationContext
13:55:15.758 [main] INFO  o.s.b.w.s.c.ServletWebServerApplicationContext - Root WebApplicationContext: initialization completed in 3238 ms
13:55:16.729 [main] INFO  com.zaxxer.hikari.HikariDataSource - HikariPool-1 - Starting...
13:55:16.957 [main] INFO  com.zaxxer.hikari.pool.HikariPool - HikariPool-1 - Added connection conn0: url=jdbc:h2:mem:902b1366-298e-4f88-9dad-51fb9015f211 user=SA
13:55:16.960 [main] INFO  com.zaxxer.hikari.HikariDataSource - HikariPool-1 - Start completed.
13:55:17.048 [main] INFO  liquibase.database - Set default schema name to PUBLIC
13:55:17.539 [main] INFO  liquibase.changelog - Creating database history table with name: PUBLIC.DATABASECHANGELOG
13:55:25.883 [main] INFO  liquibase.changelog - Reading from PUBLIC.DATABASECHANGELOG
13:55:25.985 [main] INFO  liquibase.lockservice - Successfully acquired change log lock
13:55:25.987 [main] INFO  liquibase.command - Using deploymentId: 0804125986
13:55:25.989 [main] INFO  liquibase.changelog - Reading from PUBLIC.DATABASECHANGELOG
13:55:26.028 [main] INFO  liquibase.ui - Running Changeset: db/changelog/db.meteoinformation.changelog-create-structure.yaml::A::moryakovdv
13:55:26.031 [main] INFO  liquibase.snapshot - Creating snapshot
13:55:26.054 [main] INFO  liquibase.changelog - Sequence origin_seq created
13:55:26.064 [main] INFO  liquibase.changelog - Table origin created
13:55:26.068 [main] INFO  liquibase.changelog - Table flight_information_region created
13:55:26.078 [main] INFO  liquibase.changelog - Table airfield created
13:55:26.086 [main] INFO  liquibase.changelog - Table meteoproduct created
13:55:26.086 [main] INFO  liquibase.changelog - ChangeSet db/changelog/db.meteoinformation.changelog-create-structure.yaml::A::moryakovdv ran successfully in 56ms
13:55:26.101 [main] INFO  liquibase.util - UPDATE SUMMARY
13:55:26.101 [main] INFO  liquibase.util - Run:                          1
13:55:26.101 [main] INFO  liquibase.util - Previously run:               0
13:55:26.101 [main] INFO  liquibase.util - Filtered out:                 0
13:55:26.101 [main] INFO  liquibase.util - -------------------------------
13:55:26.102 [main] INFO  liquibase.util - Total change sets:            1
13:55:26.103 [main] INFO  liquibase.util - Update summary generated
13:55:26.106 [main] INFO  liquibase.command - Update command completed successfully.
13:55:26.107 [main] INFO  liquibase.ui - Liquibase: Update has been successful. Rows affected: 1
13:55:26.109 [main] INFO  liquibase.lockservice - Successfully released change log lock
13:55:26.111 [main] INFO  liquibase.command - Command execution complete
13:55:26.336 [main] INFO  o.h.jpa.internal.util.LogHelper - HHH000204: Processing PersistenceUnitInfo [name: default]
13:55:26.409 [main] INFO  org.hibernate.Version - HHH000412: Hibernate ORM core version 6.5.3.Final
13:55:26.454 [main] INFO  o.h.c.i.RegionFactoryInitiator - HHH000026: Second-level cache disabled
13:55:26.821 [main] INFO  o.s.o.j.p.SpringPersistenceUnitInfo - No LoadTimeWeaver setup: ignoring JPA class transformer
13:55:27.067 [main] WARN  o.h.boot.model.internal.EntityBinder - HHH000457: Joined inheritance hierarchy [otus.moryakovdv.meteoinformation.model.Origin] defined explicit @DiscriminatorColumn.  Legacy Hibernate behavior was to ignore the @DiscriminatorColumn.  However, as part of issue HHH-6911 we now apply the explicit @DiscriminatorColumn.  If you would prefer the legacy behavior, enable the `hibernate.discriminator.ignore_explicit_for_joined` setting (hibernate.discriminator.ignore_explicit_for_joined=true)
13:55:27.785 [main] INFO  o.h.m.i.EntityInstantiatorPojoStandard - HHH000182: No default (no-argument) constructor for class: otus.moryakovdv.meteoinformation.model.Airfield (class must be instantiated by Interceptor)
13:55:27.840 [main] INFO  o.h.m.i.EntityInstantiatorPojoStandard - HHH000182: No default (no-argument) constructor for class: otus.moryakovdv.meteoinformation.model.FlightInformationRegion (class must be instantiated by Interceptor)
13:55:28.140 [main] INFO  o.h.e.t.j.p.i.JtaPlatformInitiator - HHH000489: No JTA platform available (set 'hibernate.transaction.jta.platform' to enable JTA platform integration)
13:55:28.145 [main] INFO  o.s.o.j.LocalContainerEntityManagerFactoryBean - Initialized JPA EntityManagerFactory for persistence unit 'default'
13:55:29.126 [main] WARN  o.s.b.a.o.j.JpaBaseConfiguration$JpaWebConfiguration - spring.jpa.open-in-view is enabled by default. Therefore, database queries may be performed during view rendering. Explicitly configure spring.jpa.open-in-view to disable this warning
13:55:30.864 [main] INFO  o.s.b.a.e.web.EndpointLinksResolver - Exposing 3 endpoints beneath base path '/actuator'
13:55:30.969 [main] INFO  o.a.coyote.http11.Http11NioProtocol - Starting ProtocolHandler ["http-nio-9998"]
13:55:30.992 [main] WARN  o.s.b.w.s.c.AnnotationConfigServletWebServerApplicationContext - Exception encountered during context initialization - cancelling refresh attempt: org.springframework.context.ApplicationContextException: Failed to start bean 'webServerStartStop'
13:55:30.998 [main] INFO  o.s.o.j.LocalContainerEntityManagerFactoryBean - Closing JPA EntityManagerFactory for persistence unit 'default'
13:55:31.001 [main] INFO  com.zaxxer.hikari.HikariDataSource - HikariPool-1 - Shutdown initiated...
13:55:31.006 [main] INFO  com.zaxxer.hikari.HikariDataSource - HikariPool-1 - Shutdown completed.
13:55:32.037 [main] INFO  o.s.b.a.l.ConditionEvaluationReportLogger - 

Error starting ApplicationContext. To display the condition evaluation report re-run your application with 'debug' enabled.
13:55:32.051 [main] ERROR o.s.b.d.LoggingFailureAnalysisReporter - 

***************************
APPLICATION FAILED TO START
***************************

Description:

Web server failed to start. Port 9998 was already in use.

Action:

Identify and stop the process that's listening on port 9998 or configure this application to listen on another port.

13:56:04.355 [main] INFO  o.m.meteoinformation.WebApplication - Starting WebApplication using Java 17.0.12 with PID 28546 (/home/moryakov/git/repository/otus-project/meteoInformation/target/classes started by moryakov in /home/moryakov/git/repository/otus-project/meteoInformation)
13:56:04.357 [main] INFO  o.m.meteoinformation.WebApplication - No active profile set, falling back to 1 default profile: "default"
13:56:05.491 [main] INFO  o.s.d.r.c.RepositoryConfigurationDelegate - Bootstrapping Spring Data JPA repositories in DEFAULT mode.
13:56:05.731 [main] INFO  o.s.d.r.c.RepositoryConfigurationDelegate - Finished Spring Data repository scanning in 228 ms. Found 3 JPA repository interfaces.
13:56:07.604 [main] INFO  o.s.b.w.e.tomcat.TomcatWebServer - Tomcat initialized with port 9998 (http)
13:56:07.616 [main] INFO  o.a.coyote.http11.Http11NioProtocol - Initializing ProtocolHandler ["http-nio-9998"]
13:56:07.621 [main] INFO  o.a.catalina.core.StandardService - Starting service [Tomcat]
13:56:07.621 [main] INFO  o.a.catalina.core.StandardEngine - Starting Servlet engine: [Apache Tomcat/10.1.30]
13:56:07.709 [main] INFO  o.a.c.c.C.[Tomcat].[localhost].[/] - Initializing Spring embedded WebApplicationContext
13:56:07.710 [main] INFO  o.s.b.w.s.c.ServletWebServerApplicationContext - Root WebApplicationContext: initialization completed in 3284 ms
13:56:08.648 [main] INFO  com.zaxxer.hikari.HikariDataSource - HikariPool-1 - Starting...
13:56:08.851 [main] INFO  com.zaxxer.hikari.pool.HikariPool - HikariPool-1 - Added connection conn0: url=jdbc:h2:mem:695f8dc3-f49d-4c35-a844-5ade9ed5936b user=SA
13:56:08.854 [main] INFO  com.zaxxer.hikari.HikariDataSource - HikariPool-1 - Start completed.
13:56:08.927 [main] INFO  liquibase.database - Set default schema name to PUBLIC
13:56:09.409 [main] INFO  liquibase.changelog - Creating database history table with name: PUBLIC.DATABASECHANGELOG
13:56:17.771 [main] INFO  liquibase.changelog - Reading from PUBLIC.DATABASECHANGELOG
13:56:17.878 [main] INFO  liquibase.lockservice - Successfully acquired change log lock
13:56:17.880 [main] INFO  liquibase.command - Using deploymentId: 0804177879
13:56:17.883 [main] INFO  liquibase.changelog - Reading from PUBLIC.DATABASECHANGELOG
13:56:17.912 [main] INFO  liquibase.ui - Running Changeset: db/changelog/db.meteoinformation.changelog-create-structure.yaml::A::moryakovdv
13:56:17.915 [main] INFO  liquibase.snapshot - Creating snapshot
13:56:17.935 [main] INFO  liquibase.changelog - Sequence origin_seq created
13:56:17.944 [main] INFO  liquibase.changelog - Table origin created
13:56:17.949 [main] INFO  liquibase.changelog - Table flight_information_region created
13:56:17.957 [main] INFO  liquibase.changelog - Table airfield created
13:56:17.963 [main] INFO  liquibase.changelog - Table meteoproduct created
13:56:17.964 [main] INFO  liquibase.changelog - ChangeSet db/changelog/db.meteoinformation.changelog-create-structure.yaml::A::moryakovdv ran successfully in 50ms
13:56:17.976 [main] INFO  liquibase.util - UPDATE SUMMARY
13:56:17.976 [main] INFO  liquibase.util - Run:                          1
13:56:17.976 [main] INFO  liquibase.util - Previously run:               0
13:56:17.976 [main] INFO  liquibase.util - Filtered out:                 0
13:56:17.977 [main] INFO  liquibase.util - -------------------------------
13:56:17.977 [main] INFO  liquibase.util - Total change sets:            1
13:56:17.978 [main] INFO  liquibase.util - Update summary generated
13:56:17.981 [main] INFO  liquibase.command - Update command completed successfully.
13:56:17.981 [main] INFO  liquibase.ui - Liquibase: Update has been successful. Rows affected: 1
13:56:17.984 [main] INFO  liquibase.lockservice - Successfully released change log lock
13:56:17.985 [main] INFO  liquibase.command - Command execution complete
13:56:18.229 [main] INFO  o.h.jpa.internal.util.LogHelper - HHH000204: Processing PersistenceUnitInfo [name: default]
13:56:18.324 [main] INFO  org.hibernate.Version - HHH000412: Hibernate ORM core version 6.5.3.Final
13:56:18.369 [main] INFO  o.h.c.i.RegionFactoryInitiator - HHH000026: Second-level cache disabled
13:56:18.706 [main] INFO  o.s.o.j.p.SpringPersistenceUnitInfo - No LoadTimeWeaver setup: ignoring JPA class transformer
13:56:18.967 [main] WARN  o.h.boot.model.internal.EntityBinder - HHH000457: Joined inheritance hierarchy [otus.moryakovdv.meteoinformation.model.Origin] defined explicit @DiscriminatorColumn.  Legacy Hibernate behavior was to ignore the @DiscriminatorColumn.  However, as part of issue HHH-6911 we now apply the explicit @DiscriminatorColumn.  If you would prefer the legacy behavior, enable the `hibernate.discriminator.ignore_explicit_for_joined` setting (hibernate.discriminator.ignore_explicit_for_joined=true)
13:56:19.729 [main] INFO  o.h.m.i.EntityInstantiatorPojoStandard - HHH000182: No default (no-argument) constructor for class: otus.moryakovdv.meteoinformation.model.Airfield (class must be instantiated by Interceptor)
13:56:19.778 [main] INFO  o.h.m.i.EntityInstantiatorPojoStandard - HHH000182: No default (no-argument) constructor for class: otus.moryakovdv.meteoinformation.model.FlightInformationRegion (class must be instantiated by Interceptor)
13:56:20.021 [main] INFO  o.h.e.t.j.p.i.JtaPlatformInitiator - HHH000489: No JTA platform available (set 'hibernate.transaction.jta.platform' to enable JTA platform integration)
13:56:20.024 [main] INFO  o.s.o.j.LocalContainerEntityManagerFactoryBean - Initialized JPA EntityManagerFactory for persistence unit 'default'
13:56:21.012 [main] WARN  o.s.b.a.o.j.JpaBaseConfiguration$JpaWebConfiguration - spring.jpa.open-in-view is enabled by default. Therefore, database queries may be performed during view rendering. Explicitly configure spring.jpa.open-in-view to disable this warning
13:56:22.671 [main] INFO  o.s.b.a.e.web.EndpointLinksResolver - Exposing 3 endpoints beneath base path '/actuator'
13:56:22.771 [main] INFO  o.a.coyote.http11.Http11NioProtocol - Starting ProtocolHandler ["http-nio-9998"]
13:56:22.800 [main] INFO  o.s.b.w.e.tomcat.TomcatWebServer - Tomcat started on port 9998 (http) with context path '/'
13:56:22.837 [main] INFO  o.m.meteoinformation.WebApplication - Started WebApplication in 18.906 seconds (process running for 19.742)
